TN:
SF:validate-empty.js
FN:1,validate
FNF:1
FNH:1
FNDA:2,validate
DA:2,2
DA:3,1
DA:5,1
DA:9,1
LF:4
LH:4
BRDA:2,0,0,1
BRDA:2,0,1,1
BRF:2
BRH:2
end_of_record
TN:
SF:validate-length10.js
FN:1,validate
FNF:1
FNH:1
FNDA:3,validate
DA:2,3
DA:3,2
DA:5,1
DA:9,1
LF:4
LH:4
BRDA:2,0,0,2
BRDA:2,0,1,1
BRF:2
BRH:2
end_of_record
TN:
SF:validate-length3.js
FN:1,validate
FNF:1
FNH:1
FNDA:2,validate
DA:2,2
DA:3,1
DA:5,1
DA:9,1
LF:4
LH:4
BRDA:2,0,0,1
BRDA:2,0,1,1
BRF:2
BRH:2
end_of_record
TN:
SF:validate-length30.js
FN:1,validate
FNF:1
FNH:1
FNDA:2,validate
DA:2,2
DA:3,1
DA:5,1
DA:9,1
LF:4
LH:4
BRDA:2,0,0,1
BRDA:2,0,1,1
BRF:2
BRH:2
end_of_record
TN:
SF:validate-regex.js
FN:1,validate
FNF:1
FNH:1
FNDA:3,validate
DA:2,3
DA:3,3
DA:4,2
DA:6,1
DA:10,1
LF:5
LH:5
BRDA:3,0,0,2
BRDA:3,0,1,1
BRF:2
BRH:2
end_of_record
